<?xml version="1.0" encoding="UTF-8"?>
<testng-results skipped="0" failed="0" ignored="0" total="3" passed="3">
  <reporter-output>
    <line>
      <![CDATA[<br><img src='./src/test/resources/screenShotSrc/amzScreen_9045.png' height='569' weidth='1366'/>screenShots</br>]]>
    </line>
    <line>
      <![CDATA[<br><img src='./src/test/resources/screenShotSrc/amzScreen_9045.png' height='569' weidth='1366'/>screenShots</br>]]>
    </line>
    <line>
      <![CDATA[<br><img src='./src/test/resources/screenShotSrc/amzScreen_9045.png' height='569' weidth='1366'/>screenShots</br>]]>
    </line>
    <line>
      <![CDATA[<br><img src='./src/test/resources/screenShotSrc/amzScreen_9045.png' height='569' weidth='1366'/>screenShots</br>]]>
    </line>
    <line>
      <![CDATA[<br><img src='./src/test/resources/screenShotSrc/amzScreen_9045.png' height='569' weidth='1366'/>screenShots</br>]]>
    </line>
    <line>
      <![CDATA[<br><img src='./src/test/resources/screenShotSrc/amzScreen_9045.png' height='569' weidth='1366'/>screenShots</br>]]>
    </line>
    <line>
      <![CDATA[<br><img src='./src/test/resources/screenShotSrc/amzScreen_9045.png' height='569' weidth='1366'/>screenShots</br>]]>
    </line>
  </reporter-output>
  <suite name="SanityAmazone" duration-ms="27335" started-at="2021-07-17T03:08:25 IST" finished-at="2021-07-17T03:08:52 IST">
    <groups>
    </groups>
    <test name="sanityExecutions" duration-ms="27335" started-at="2021-07-17T03:08:25 IST" finished-at="2021-07-17T03:08:52 IST">
      <class name="testScripts.TC03_VerifyProductPageNavigation_byClickOnListPageItem">
        <test-method status="PASS" signature="startBrowser()[pri:0, instance:testScripts.TC03_VerifyProductPageNavigation_byClickOnListPageItem@1a8a8f7c]" name="startBrowser" is-config="true" duration-ms="4607" started-at="2021-07-17T03:08:39 IST" finished-at="2021-07-17T03:08:44 IST">
          <reporter-output>
          </reporter-output>
        </test-method> <!-- startBrowser -->
        <test-method status="PASS" signature="verifyListToPdNavigationAndValidateDetails()[pri:0, instance:testScripts.TC03_VerifyProductPageNavigation_byClickOnListPageItem@1a8a8f7c]" name="verifyListToPdNavigationAndValidateDetails" duration-ms="8113" started-at="2021-07-17T03:08:44 IST" finished-at="2021-07-17T03:08:52 IST">
          <reporter-output>
            <line>
              <![CDATA[<br><img src='./src/test/resources/screenShotSrc/amzScreen_9045.png' height='569' weidth='1366'/>screenShots</br>]]>
            </line>
            <line>
              <![CDATA[<br><img src='./src/test/resources/screenShotSrc/amzScreen_9045.png' height='569' weidth='1366'/>screenShots</br>]]>
            </line>
            <line>
              <![CDATA[<br><img src='./src/test/resources/screenShotSrc/amzScreen_9045.png' height='569' weidth='1366'/>screenShots</br>]]>
            </line>
            <line>
              <![CDATA[<br><img src='./src/test/resources/screenShotSrc/amzScreen_9045.png' height='569' weidth='1366'/>screenShots</br>]]>
            </line>
          </reporter-output>
        </test-method> <!-- verifyListToPdNavigationAndValidateDetails -->
        <test-method status="PASS" signature="tearDown()[pri:0, instance:testScripts.TC03_VerifyProductPageNavigation_byClickOnListPageItem@1a8a8f7c]" name="tearDown" is-config="true" duration-ms="213" started-at="2021-07-17T03:08:52 IST" finished-at="2021-07-17T03:08:52 IST">
          <reporter-output>
          </reporter-output>
        </test-method> <!-- tearDown -->
      </class> <!-- testScripts.TC03_VerifyProductPageNavigation_byClickOnListPageItem -->
      <class name="testScripts.TC01_LaunchAmzaonWebApp">
        <test-method status="PASS" signature="startBrowser()[pri:0, instance:testScripts.TC01_LaunchAmzaonWebApp@2d8f65a4]" name="startBrowser" is-config="true" duration-ms="5278" started-at="2021-07-17T03:08:25 IST" finished-at="2021-07-17T03:08:30 IST">
          <reporter-output>
          </reporter-output>
        </test-method> <!-- startBrowser -->
        <test-method status="PASS" signature="testHomePage()[pri:0, instance:testScripts.TC01_LaunchAmzaonWebApp@2d8f65a4]" name="testHomePage" duration-ms="775" started-at="2021-07-17T03:08:30 IST" finished-at="2021-07-17T03:08:31 IST">
          <reporter-output>
            <line>
              <![CDATA[<br><img src='./src/test/resources/screenShotSrc/amzScreen_9045.png' height='569' weidth='1366'/>screenShots</br>]]>
            </line>
          </reporter-output>
        </test-method> <!-- testHomePage -->
        <test-method status="PASS" signature="tearDown()[pri:0, instance:testScripts.TC01_LaunchAmzaonWebApp@2d8f65a4]" name="tearDown" is-config="true" duration-ms="123" started-at="2021-07-17T03:08:31 IST" finished-at="2021-07-17T03:08:31 IST">
          <reporter-output>
          </reporter-output>
        </test-method> <!-- tearDown -->
      </class> <!-- testScripts.TC01_LaunchAmzaonWebApp -->
      <class name="testScripts.TC02_NavigateToListPage_By_Search">
        <test-method status="PASS" signature="startBrowser()[pri:0, instance:testScripts.TC02_NavigateToListPage_By_Search@51e2adc7]" name="startBrowser" is-config="true" duration-ms="4390" started-at="2021-07-17T03:08:31 IST" finished-at="2021-07-17T03:08:36 IST">
          <reporter-output>
          </reporter-output>
        </test-method> <!-- startBrowser -->
        <test-method status="PASS" signature="verifyListPageBySearch()[pri:0, instance:testScripts.TC02_NavigateToListPage_By_Search@51e2adc7]" name="verifyListPageBySearch" duration-ms="3565" started-at="2021-07-17T03:08:36 IST" finished-at="2021-07-17T03:08:39 IST">
          <reporter-output>
            <line>
              <![CDATA[<br><img src='./src/test/resources/screenShotSrc/amzScreen_9045.png' height='569' weidth='1366'/>screenShots</br>]]>
            </line>
            <line>
              <![CDATA[<br><img src='./src/test/resources/screenShotSrc/amzScreen_9045.png' height='569' weidth='1366'/>screenShots</br>]]>
            </line>
          </reporter-output>
        </test-method> <!-- verifyListPageBySearch -->
        <test-method status="PASS" signature="tearDown()[pri:0, instance:testScripts.TC02_NavigateToListPage_By_Search@51e2adc7]" name="tearDown" is-config="true" duration-ms="203" started-at="2021-07-17T03:08:39 IST" finished-at="2021-07-17T03:08:39 IST">
          <reporter-output>
          </reporter-output>
        </test-method> <!-- tearDown -->
      </class> <!-- testScripts.TC02_NavigateToListPage_By_Search -->
    </test> <!-- sanityExecutions -->
  </suite> <!-- SanityAmazone -->
</testng-results>
