<?xml version="1.0" encoding="UTF-8"?>
<testng-results ignored="0" total="4" passed="4" failed="0" skipped="0">
  <reporter-output>
  </reporter-output>
  <suite started-at="2023-06-09T21:13:39 IST" name="Default suite" finished-at="2023-06-09T21:13:39 IST" duration-ms="40">
    <groups>
    </groups>
    <test started-at="2023-06-09T21:13:39 IST" name="Default test" finished-at="2023-06-09T21:13:39 IST" duration-ms="40">
      <class name="com.spr.radapps.SprTryAnnotatationExps.SprTryAnnotatationExpsApplicationTests">
        <test-method signature="TestNg_Test1()[pri:0, instance:com.spr.radapps.SprTryAnnotatationExps.SprTryAnnotatationExpsApplicationTests@60f00693]" started-at="2023-06-09T21:13:39 IST" name="TestNg_Test1" finished-at="2023-06-09T21:13:39 IST" duration-ms="6" status="PASS">
          <reporter-output>
          </reporter-output>
        </test-method> <!-- TestNg_Test1 -->
        <test-method signature="TestNg_Test2()[pri:0, instance:com.spr.radapps.SprTryAnnotatationExps.SprTryAnnotatationExpsApplicationTests@60f00693]" started-at="2023-06-09T21:13:39 IST" name="TestNg_Test2" finished-at="2023-06-09T21:13:39 IST" duration-ms="1" status="PASS">
          <reporter-output>
          </reporter-output>
        </test-method> <!-- TestNg_Test2 -->
        <test-method signature="TestNg_Test3()[pri:0, instance:com.spr.radapps.SprTryAnnotatationExps.SprTryAnnotatationExpsApplicationTests@60f00693]" started-at="2023-06-09T21:13:39 IST" name="TestNg_Test3" finished-at="2023-06-09T21:13:39 IST" duration-ms="0" status="PASS">
          <reporter-output>
          </reporter-output>
        </test-method> <!-- TestNg_Test3 -->
        <test-method signature="contextLoads()[pri:0, instance:com.spr.radapps.SprTryAnnotatationExps.SprTryAnnotatationExpsApplicationTests@60f00693]" started-at="2023-06-09T21:13:39 IST" name="contextLoads" finished-at="2023-06-09T21:13:39 IST" duration-ms="1" status="PASS">
          <reporter-output>
          </reporter-output>
        </test-method> <!-- contextLoads -->
      </class> <!-- com.spr.radapps.SprTryAnnotatationExps.SprTryAnnotatationExpsApplicationTests -->
    </test> <!-- Default test -->
  </suite> <!-- Default suite -->
</testng-results>
