<?xml version="1.0" encoding="UTF-8"?>
<!-- Generated by org.testng.reporters.JUnitXMLReporter -->
<testsuite ignored="0" hostname="abhi-IdeaPad-5-15ITL05" failures="0" tests="4" name="Default test" time="0.04" errors="0" timestamp="2023-06-09T21:13:39 IST">
  <testcase classname="com.spr.radapps.SprTryAnnotatationExps.SprTryAnnotatationExpsApplicationTests" name="TestNg_Test1" time="0.006"/>
  <testcase classname="com.spr.radapps.SprTryAnnotatationExps.SprTryAnnotatationExpsApplicationTests" name="TestNg_Test2" time="0.001"/>
  <testcase classname="com.spr.radapps.SprTryAnnotatationExps.SprTryAnnotatationExpsApplicationTests" name="TestNg_Test3" time="0.0"/>
  <testcase classname="com.spr.radapps.SprTryAnnotatationExps.SprTryAnnotatationExpsApplicationTests" name="contextLoads" time="0.001"/>
</testsuite> <!-- Default test -->
