<?xml version="1.0" encoding="UTF-8"?>
<!-- Generated by org.testng.reporters.JUnitXMLReporter -->
<testsuite hostname="abhinay-Ideapad-Z570" ignored="0" name="sanityExecutions" tests="3" failures="0" timestamp="2021-07-17T03:08:52 IST" time="27.335" errors="0">
  <testcase name="testHomePage" time="0.775" classname="testScripts.TC01_LaunchAmzaonWebApp"/>
  <testcase name="verifyListPageBySearch" time="3.565" classname="testScripts.TC02_NavigateToListPage_By_Search"/>
  <testcase name="verifyListToPdNavigationAndValidateDetails" time="8.113" classname="testScripts.TC03_VerifyProductPageNavigation_byClickOnListPageItem"/>
</testsuite> <!-- sanityExecutions -->
